0 info it worked if it ends with ok
1 verbose cli [ '/usr/local/nodebrew/current/bin/node',
1 verbose cli   '/usr/local/nodebrew/current/bin/npm',
1 verbose cli   'unpublish',
1 verbose cli   'gulp-phpmd@0.1.0' ]
2 info using npm@1.4.28
3 info using node@v0.10.34
4 verbose node symlink /usr/local/nodebrew/current/bin/node
5 verbose request where is /gulp-phpmd?write=true
6 verbose request registry https://registry.npmjs.org/
7 verbose request id 4ce926a9e075bdda
8 verbose url raw /gulp-phpmd?write=true
9 verbose url resolving [ 'https://registry.npmjs.org/', './gulp-phpmd?write=true' ]
10 verbose url resolved https://registry.npmjs.org/gulp-phpmd?write=true
11 verbose request where is https://registry.npmjs.org/gulp-phpmd?write=true
12 info trying registry request attempt 1 at 18:32:56
13 http GET https://registry.npmjs.org/gulp-phpmd?write=true
14 http 404 https://registry.npmjs.org/gulp-phpmd?write=true
15 silly registry.get cb [ 404,
15 silly registry.get   { server: 'CouchDB/1.5.0 (Erlang OTP/R16B03)',
15 silly registry.get     etag: '"1NYGTRDFQYXNG3WEGLWKOXYBF"',
15 silly registry.get     'content-type': 'application/json',
15 silly registry.get     'cache-control': 'max-age=0',
15 silly registry.get     'content-length': '471',
15 silly registry.get     'accept-ranges': 'bytes',
15 silly registry.get     date: 'Thu, 10 Mar 2016 09:32:56 GMT',
15 silly registry.get     via: '1.1 varnish',
15 silly registry.get     age: '0',
15 silly registry.get     connection: 'keep-alive',
15 silly registry.get     'x-served-by': 'cache-nrt6133-NRT',
15 silly registry.get     'x-cache': 'MISS',
15 silly registry.get     'x-cache-hits': '0',
15 silly registry.get     'x-timer': 'S1457602376.238718,VS0,VE462',
15 silly registry.get     vary: 'Accept' } ]
16 info unpublish https://registry.npmjs.org/gulp-phpmd@0.1.0 not published
17 info unpublish No versions remain, removing entire package
18 verbose request where is /gulp-phpmd/-rev/6-f18c3516f2da1b7ad46e433c3193da7e
19 verbose request registry https://registry.npmjs.org/
20 verbose url raw /gulp-phpmd/-rev/6-f18c3516f2da1b7ad46e433c3193da7e
21 verbose url resolving [ 'https://registry.npmjs.org/',
21 verbose url resolving   './gulp-phpmd/-rev/6-f18c3516f2da1b7ad46e433c3193da7e' ]
22 verbose url resolved https://registry.npmjs.org/gulp-phpmd/-rev/6-f18c3516f2da1b7ad46e433c3193da7e
23 verbose request where is https://registry.npmjs.org/gulp-phpmd/-rev/6-f18c3516f2da1b7ad46e433c3193da7e
24 info trying registry request attempt 1 at 18:32:56
25 http DELETE https://registry.npmjs.org/gulp-phpmd/-rev/6-f18c3516f2da1b7ad46e433c3193da7e
26 http 403 https://registry.npmjs.org/gulp-phpmd/-rev/6-f18c3516f2da1b7ad46e433c3193da7e
27 verbose headers { 'content-type': 'application/json',
27 verbose headers   'cache-control': 'max-age=300',
27 verbose headers   'content-length': '102',
27 verbose headers   'accept-ranges': 'bytes',
27 verbose headers   date: 'Thu, 10 Mar 2016 09:32:57 GMT',
27 verbose headers   via: '1.1 varnish',
27 verbose headers   connection: 'keep-alive',
27 verbose headers   'x-served-by': 'cache-nrt6135-NRT',
27 verbose headers   'x-cache': 'MISS',
27 verbose headers   'x-cache-hits': '0',
27 verbose headers   'x-timer': 'S1457602376.721048,VS0,VE484' }
28 error Error: You do not have permission to publish 'gulp-phpmd'. Are you logged in as the correct user? : gulp-phpmd/-rev/6-f18c3516f2da1b7ad46e433c3193da7e
28 error     at RegClient.<anonymous> (/usr/local/nodebrew/node/v0.10.34/lib/node_modules/npm/node_modules/npm-registry-client/lib/request.js:308:14)
28 error     at Request._callback (/usr/local/nodebrew/node/v0.10.34/lib/node_modules/npm/node_modules/npm-registry-client/lib/request.js:246:65)
28 error     at Request.self.callback (/usr/local/nodebrew/node/v0.10.34/lib/node_modules/npm/node_modules/request/request.js:236:22)
28 error     at Request.emit (events.js:98:17)
28 error     at Request.<anonymous> (/usr/local/nodebrew/node/v0.10.34/lib/node_modules/npm/node_modules/request/request.js:1142:14)
28 error     at Request.emit (events.js:117:20)
28 error     at IncomingMessage.<anonymous> (/usr/local/nodebrew/node/v0.10.34/lib/node_modules/npm/node_modules/request/request.js:1096:12)
28 error     at IncomingMessage.emit (events.js:117:20)
28 error     at _stream_readable.js:944:16
28 error     at process._tickCallback (node.js:442:13)
29 error If you need help, you may report this *entire* log,
29 error including the npm and node versions, at:
29 error     <http://github.com/npm/npm/issues>
30 error System Linux 2.6.32-279.el6.x86_64
31 error command "/usr/local/nodebrew/current/bin/node" "/usr/local/nodebrew/current/bin/npm" "unpublish" "gulp-phpmd@0.1.0"
32 error cwd /root/tmp/gulp-phpmd
33 error node -v v0.10.34
34 error npm -v 1.4.28
35 verbose exit [ 1, true ]
